[2024-11-09 14:24:28] [INFO]    [OmnipathR] Welcome to OmnipathR!
[2024-11-09 14:24:28] [INFO]    [OmnipathR] OmnipathR version: 3.15.1
[2024-11-09 14:24:28] [TRACE]   [OmnipathR] Reading JSON from `/nfs/home/users/michaell2/.cache/OmnipathR/cache.json` (encoding: UTF-8).
[2024-11-09 14:24:28] [TRACE]   [OmnipathR] JSON validation successful: TRUE
[2024-11-09 14:24:28] [INFO]    [OmnipathR] Initialized cache: `/nfs/home/users/michaell2/.cache/OmnipathR`.
[2024-11-09 14:24:29] [TRACE]   [OmnipathR] Reading JSON from `/nfs/home/users/michaell2/R/x86_64-pc-linux-gnu-library/4.2/OmnipathR/db/db_def.json` (encoding: UTF-8).
[2024-11-09 14:24:29] [TRACE]   [OmnipathR] JSON validation successful: TRUE
[2024-11-09 14:24:29] [TRACE]   [OmnipathR] Reading JSON from `/nfs/home/users/michaell2/R/x86_64-pc-linux-gnu-library/4.2/OmnipathR/internal/magic_bytes.json` (encoding: UTF-8).
[2024-11-09 14:24:29] [TRACE]   [OmnipathR] JSON validation successful: TRUE
[2024-11-09 14:24:29] [TRACE]   [OmnipathR] Reading JSON from `/nfs/home/users/michaell2/R/x86_64-pc-linux-gnu-library/4.2/OmnipathR/internal/urls.json` (encoding: UTF-8).
[2024-11-09 14:24:29] [TRACE]   [OmnipathR] JSON validation successful: TRUE
[2024-11-09 14:24:29] [TRACE]   [OmnipathR] Reading JSON from `/nfs/home/users/michaell2/R/x86_64-pc-linux-gnu-library/4.2/OmnipathR/internal/id_types.json` (encoding: UTF-8).
[2024-11-09 14:24:29] [TRACE]   [OmnipathR] JSON validation successful: TRUE
[2024-11-09 14:24:29] [TRACE]   [OmnipathR] Arguments for OmniPath query: [resources=[DoRothEA,SIGNOR],query_type=interactions,datasets=tf_target]
[2024-11-09 14:24:29] [INFO]    [OmnipathR] Loading database `Ensembl and OMA organism names`.
[2024-11-09 14:24:29] [INFO]    [OmnipathR] Looking up in cache `https://www.ensembl.org/info/about/species.html`: key=7332486db7400730697234bad76ca0c8e4d00799, latest version=1.
[2024-11-09 14:24:29] [TRACE]   [OmnipathR] Cache file path: /nfs/home/users/michaell2/.cache/OmnipathR/7332486db7400730697234bad76ca0c8e4d00799-1.html
[2024-11-09 14:24:29] [TRACE]   [OmnipathR] Looking up in cache: `https://omabrowser.org/All/oma-species.txt`.
[2024-11-09 14:24:29] [TRACE]   [OmnipathR] Loaded data from RDS `/nfs/home/users/michaell2/.cache/OmnipathR/30e690cbb55dfc63b5903ab337f34ffc2f4be397-1.rds`.
[2024-11-09 14:24:29] [INFO]    [OmnipathR] Loaded database `Ensembl and OMA organism names`.
[2024-11-09 14:24:29] [TRACE]   [OmnipathR] Organism(s): 9606
[2024-11-09 14:24:29] [TRACE]   [OmnipathR] Orthology targets: 
[2024-11-09 14:24:30] [TRACE]   [OmnipathR] Reading JSON from `https://omnipathdb.org/resources` (encoding: UTF-8).
[2024-11-09 14:24:30] [TRACE]   [OmnipathR] JSON validation successful: TRUE
[2024-11-09 14:24:30] [TRACE]   [OmnipathR] Looking up in cache: `https://omnipathdb.org/interactions?genesymbols=yes&resources=DoRothEA,SIGNOR&datasets=tf_target&organisms=9606&fields=sources,references,curation_effort&license=academic`
[2024-11-09 14:24:30] [INFO]    [OmnipathR] Cache record does not exist: `https://omnipathdb.org/interactions?genesymbols=yes&resources=DoRothEA,SIGNOR&datasets=tf_target&organisms=9606&fields=sources,references,curation_effort&license=academic`
[2024-11-09 14:24:30] [TRACE]   [OmnipathR] Looking up in cache: `http://no-tls.omnipathdb.org/interactions?genesymbols=yes&resources=DoRothEA,SIGNOR&datasets=tf_target&organisms=9606&fields=sources,references,curation_effort&license=academic`
[2024-11-09 14:24:30] [INFO]    [OmnipathR] Cache record does not exist: `http://no-tls.omnipathdb.org/interactions?genesymbols=yes&resources=DoRothEA,SIGNOR&datasets=tf_target&organisms=9606&fields=sources,references,curation_effort&license=academic`
[2024-11-09 14:24:30] [TRACE]   [OmnipathR] Attempting `https://omnipathdb.org/interactions?genesymbols=yes&resources=DoRothEA,SIGNOR&datasets=tf_target&organisms=9606&fields=sources,references,curation_effort&license=academic`
[2024-11-09 14:24:30] [INFO]    [OmnipathR] Retrieving URL: `https://omnipathdb.org/interactions?genesymbols=yes&resources=DoRothEA,SIGNOR&datasets=tf_target&organisms=9606&fields=sources,references,curation_effort&license=academic`
[2024-11-09 14:24:30] [TRACE]   [OmnipathR] Attempt 1/3: `https://omnipathdb.org/interactions?genesymbols=yes&resources=DoRothEA,SIGNOR&datasets=tf_target&organisms=9606&fields=sources,references,curation_effort&license=academic`
[2024-11-09 14:24:31] [INFO]    [OmnipathR] Successfully retrieved: `https://omnipathdb.org/interactions?genesymbols=yes&resources=DoRothEA,SIGNOR&datasets=tf_target&organisms=9606&fields=sources,references,curation_effort&license=academic`
[2024-11-09 14:24:31] [TRACE]   [OmnipathR] Reading JSON from `/nfs/home/users/michaell2/.cache/OmnipathR/cache.json` (encoding: UTF-8).
[2024-11-09 14:24:31] [TRACE]   [OmnipathR] JSON validation successful: TRUE
[2024-11-09 14:24:31] [TRACE]   [OmnipathR] Reading JSON from `/nfs/home/users/michaell2/.cache/OmnipathR/cache.json` (encoding: UTF-8).
[2024-11-09 14:24:31] [TRACE]   [OmnipathR] JSON validation successful: TRUE
[2024-11-09 14:24:31] [INFO]    [OmnipathR] Cache item `8276e09e9336e7886c5a256f51a7e3d7d28f62ca` version 1: status changed from `unknown` to `started`.
[2024-11-09 14:24:31] [TRACE]   [OmnipathR] Exporting object to RDS: `/nfs/home/users/michaell2/.cache/OmnipathR/8276e09e9336e7886c5a256f51a7e3d7d28f62ca-1.rds`.
[2024-11-09 14:24:31] [TRACE]   [OmnipathR] Exported RDS to `/nfs/home/users/michaell2/.cache/OmnipathR/8276e09e9336e7886c5a256f51a7e3d7d28f62ca-1.rds`.
[2024-11-09 14:24:31] [INFO]    [OmnipathR] Download ready [key=8276e09e9336e7886c5a256f51a7e3d7d28f62ca, version=1]
[2024-11-09 14:24:31] [TRACE]   [OmnipathR] Reading JSON from `/nfs/home/users/michaell2/.cache/OmnipathR/cache.json` (encoding: UTF-8).
[2024-11-09 14:24:31] [TRACE]   [OmnipathR] JSON validation successful: TRUE
[2024-11-09 14:24:31] [INFO]    [OmnipathR] Cache item `8276e09e9336e7886c5a256f51a7e3d7d28f62ca` version 1: status changed from `started` to `ready`.
[2024-11-09 14:24:32] [SUCCESS] [OmnipathR] Downloaded 13904 interactions.
